<?xml version="1.0" encoding="UTF-8"?>
<testng-results ignored="0" total="2" passed="2" failed="0" skipped="0">
  <reporter-output>
  </reporter-output>
  <suite started-at="2024-11-25T21:09:36 IST" name="Cross Browser Suite" finished-at="2024-11-25T21:09:56 IST" duration-ms="20216">
    <groups>
      <group name="Master">
        <method signature="TC002_LoginTests.verify_login()[pri:0, instance:testCases.TC002_LoginTests@52b1beb6]" name="verify_login" class="testCases.TC002_LoginTests"/>
        <method signature="TC002_LoginTests.verify_login()[pri:0, instance:testCases.TC002_LoginTests@4145bad8]" name="verify_login" class="testCases.TC002_LoginTests"/>
      </group> <!-- Master -->
      <group name="Sanity">
        <method signature="TC002_LoginTests.verify_login()[pri:0, instance:testCases.TC002_LoginTests@52b1beb6]" name="verify_login" class="testCases.TC002_LoginTests"/>
        <method signature="TC002_LoginTests.verify_login()[pri:0, instance:testCases.TC002_LoginTests@4145bad8]" name="verify_login" class="testCases.TC002_LoginTests"/>
      </group> <!-- Sanity -->
    </groups>
    <test started-at="2024-11-25T21:09:36 IST" name="Test2" finished-at="2024-11-25T21:09:47 IST" duration-ms="11053">
      <class name="testCases.TC002_LoginTests">
        <test-method is-config="true" signature="setup(java.lang.String,java.lang.String)[pri:0, instance:testCases.TC002_LoginTests@52b1beb6]" started-at="2024-11-25T21:09:37 IST" name="setup" finished-at="2024-11-25T21:09:43 IST" duration-ms="6755" status="PASS">
          <params>
            <param index="0">
              <value>
                <![CDATA[Windows]]>
              </value>
            </param>
            <param index="1">
              <value>
                <![CDATA[edge]]>
              </value>
            </param>
          </params>
          <reporter-output>
          </reporter-output>
        </test-method> <!-- setup -->
        <test-method signature="verify_login()[pri:0, instance:testCases.TC002_LoginTests@52b1beb6]" started-at="2024-11-25T21:09:43 IST" name="verify_login" finished-at="2024-11-25T21:09:46 IST" duration-ms="2277" status="PASS">
          <reporter-output>
          </reporter-output>
        </test-method> <!-- verify_login -->
        <test-method is-config="true" signature="teardown()[pri:0, instance:testCases.TC002_LoginTests@52b1beb6]" started-at="2024-11-25T21:09:46 IST" name="teardown" finished-at="2024-11-25T21:09:47 IST" duration-ms="1411" status="PASS">
          <reporter-output>
          </reporter-output>
        </test-method> <!-- teardown -->
      </class> <!-- testCases.TC002_LoginTests -->
    </test> <!-- Test2 -->
    <test started-at="2024-11-25T21:09:49 IST" name="Test1" finished-at="2024-11-25T21:09:56 IST" duration-ms="7727">
      <class name="testCases.TC002_LoginTests">
        <test-method is-config="true" signature="setup(java.lang.String,java.lang.String)[pri:0, instance:testCases.TC002_LoginTests@4145bad8]" started-at="2024-11-25T21:09:49 IST" name="setup" finished-at="2024-11-25T21:09:53 IST" duration-ms="4862" status="PASS">
          <params>
            <param index="0">
              <value>
                <![CDATA[Windows]]>
              </value>
            </param>
            <param index="1">
              <value>
                <![CDATA[chrome]]>
              </value>
            </param>
          </params>
          <reporter-output>
          </reporter-output>
        </test-method> <!-- setup -->
        <test-method signature="verify_login()[pri:0, instance:testCases.TC002_LoginTests@4145bad8]" started-at="2024-11-25T21:09:53 IST" name="verify_login" finished-at="2024-11-25T21:09:56 IST" duration-ms="2573" status="PASS">
          <reporter-output>
          </reporter-output>
        </test-method> <!-- verify_login -->
        <test-method is-config="true" signature="teardown()[pri:0, instance:testCases.TC002_LoginTests@4145bad8]" started-at="2024-11-25T21:09:56 IST" name="teardown" finished-at="2024-11-25T21:09:56 IST" duration-ms="282" status="PASS">
          <reporter-output>
          </reporter-output>
        </test-method> <!-- teardown -->
      </class> <!-- testCases.TC002_LoginTests -->
    </test> <!-- Test1 -->
  </suite> <!-- Cross Browser Suite -->
</testng-results>
